0 info it worked if it ends with ok
1 verbose cli [ 'node',
1 verbose cli   '/Users/latentflip/.nvm/v0.10.33/bin/npm',
1 verbose cli   'version',
1 verbose cli   'patch' ]
2 info using npm@2.9.1
3 info using node@v0.10.33
4 info git [ 'status', '--porcelain' ]
5 verbose stack Error: Git working directory not clean.
5 verbose stack M package.json
5 verbose stack     at /Users/latentflip/.nvm/v0.10.33/lib/node_modules/npm/lib/version.js:138:37
5 verbose stack     at ChildProcess.exithandler (child_process.js:646:7)
5 verbose stack     at ChildProcess.emit (events.js:98:17)
5 verbose stack     at maybeClose (child_process.js:756:16)
5 verbose stack     at Socket.<anonymous> (child_process.js:969:11)
5 verbose stack     at Socket.emit (events.js:95:17)
5 verbose stack     at Pipe.close (net.js:465:12)
6 verbose cwd /Users/latentflip/Code/github/latentflip/bows
7 error Darwin 14.3.0
8 error argv "node" "/Users/latentflip/.nvm/v0.10.33/bin/npm" "version" "patch"
9 error node v0.10.33
10 error npm  v2.9.1
11 error Git working directory not clean.
11 error M package.json
12 error If you need help, you may report this error at:
12 error     <https://github.com/npm/npm/issues>
13 verbose exit [ 1, true ]
